----- Creating Dataset Loaders -----
----- Creating Generator -----
----- Creating Discriminator -----
----- Creating Optimizers -----
----- Begining Training Run -----
----- Setting up WANDB -----

[Epoch 01 Step 0005] d_loss=1.3917 d_acc=0.500 | g_loss=0.7596 g_trick_acc=0.000

[Epoch 01 Step 0010] d_loss=1.3843 d_acc=0.516 | g_loss=0.7060 g_trick_acc=0.219

[Epoch 01 Step 0015] d_loss=1.3847 d_acc=0.531 | g_loss=0.6930 g_trick_acc=0.531

[Epoch 01 Step 0020] d_loss=1.3721 d_acc=0.727 | g_loss=0.6957 g_trick_acc=0.375

[Epoch 01 Step 0025] d_loss=1.3219 d_acc=0.688 | g_loss=0.7387 g_trick_acc=0.047

[Epoch 01 Step 0030] d_loss=0.5540 d_acc=0.867 | g_loss=0.7200 g_trick_acc=0.484

[Epoch 01 Step 0035] d_loss=1.2836 d_acc=0.562 | g_loss=0.9283 g_trick_acc=0.000

[Epoch 01 Step 0040] d_loss=1.0768 d_acc=0.750 | g_loss=1.1366 g_trick_acc=0.000

[Epoch 01 Step 0045] d_loss=0.7132 d_acc=0.891 | g_loss=1.9833 g_trick_acc=0.031

[Epoch 01 Step 0050] d_loss=0.8549 d_acc=0.812 | g_loss=2.3842 g_trick_acc=0.078

[Epoch 01 Step 0055] d_loss=1.0046 d_acc=0.578 | g_loss=2.3673 g_trick_acc=0.000

[Epoch 01 Step 0060] d_loss=0.3903 d_acc=0.922 | g_loss=2.2463 g_trick_acc=0.000

[Epoch 01 Step 0065] d_loss=0.1761 d_acc=0.977 | g_loss=2.6634 g_trick_acc=0.000

[Epoch 01 Step 0070] d_loss=0.1207 d_acc=0.977 | g_loss=3.2417 g_trick_acc=0.000

[Epoch 01 Step 0075] d_loss=0.1168 d_acc=0.984 | g_loss=3.1547 g_trick_acc=0.000

[Epoch 01 Step 0080] d_loss=0.0682 d_acc=0.992 | g_loss=5.0426 g_trick_acc=0.000

[Epoch 01 Step 0085] d_loss=0.0676 d_acc=0.984 | g_loss=4.0043 g_trick_acc=0.000

[Epoch 01 Step 0090] d_loss=0.0266 d_acc=1.000 | g_loss=4.3768 g_trick_acc=0.000

[Epoch 01 Step 0095] d_loss=0.0541 d_acc=0.992 | g_loss=4.0745 g_trick_acc=0.000

[Epoch 01 Step 0100] d_loss=0.0691 d_acc=0.992 | g_loss=3.4247 g_trick_acc=0.000

[Epoch 01 Step 0105] d_loss=0.0184 d_acc=0.992 | g_loss=5.2842 g_trick_acc=0.000

[Epoch 01 Step 0110] d_loss=0.0152 d_acc=1.000 | g_loss=4.8190 g_trick_acc=0.000

[Epoch 01 Step 0115] d_loss=0.0263 d_acc=0.992 | g_loss=4.4204 g_trick_acc=0.000

[Epoch 01 Step 0120] d_loss=0.0236 d_acc=1.000 | g_loss=5.4956 g_trick_acc=0.000

[Epoch 01 Step 0125] d_loss=0.0087 d_acc=1.000 | g_loss=6.2692 g_trick_acc=0.000

[Epoch 01 Step 0130] d_loss=0.0431 d_acc=0.992 | g_loss=6.2678 g_trick_acc=0.000

[Epoch 01 Step 0135] d_loss=0.0565 d_acc=0.992 | g_loss=3.7725 g_trick_acc=0.000

[Epoch 01 Step 0140] d_loss=0.0197 d_acc=0.992 | g_loss=5.5675 g_trick_acc=0.000

[Epoch 01 Step 0145] d_loss=0.0118 d_acc=1.000 | g_loss=5.1424 g_trick_acc=0.000

[Epoch 01 Step 0150] d_loss=0.0063 d_acc=1.000 | g_loss=5.6176 g_trick_acc=0.000

[Epoch 01 Step 0155] d_loss=0.0611 d_acc=0.984 | g_loss=3.8653 g_trick_acc=0.000

[Epoch 01 Step 0160] d_loss=0.0192 d_acc=1.000 | g_loss=5.0801 g_trick_acc=0.000

[Epoch 01 Step 0165] d_loss=0.0014 d_acc=1.000 | g_loss=8.2256 g_trick_acc=0.000

[Epoch 01 Step 0170] d_loss=0.0013 d_acc=1.000 | g_loss=6.6296 g_trick_acc=0.000

[Epoch 01 Step 0175] d_loss=0.0041 d_acc=1.000 | g_loss=6.2118 g_trick_acc=0.000

[Epoch 01 Step 0180] d_loss=0.0055 d_acc=1.000 | g_loss=6.3654 g_trick_acc=0.000

[Epoch 01 Step 0185] d_loss=0.1191 d_acc=0.984 | g_loss=4.8185 g_trick_acc=0.000

[Epoch 01 Step 0190] d_loss=0.0545 d_acc=0.992 | g_loss=4.1806 g_trick_acc=0.000

[Epoch 01 Step 0195] d_loss=0.0217 d_acc=1.000 | g_loss=5.2507 g_trick_acc=0.000

[Epoch 01 Step 0200] d_loss=0.0223 d_acc=1.000 | g_loss=4.4725 g_trick_acc=0.000

[Epoch 01 Step 0205] d_loss=0.0095 d_acc=1.000 | g_loss=5.6384 g_trick_acc=0.000

[Epoch 01 Step 0210] d_loss=0.0181 d_acc=1.000 | g_loss=4.7758 g_trick_acc=0.000

[Epoch 01 Step 0215] d_loss=0.0126 d_acc=1.000 | g_loss=4.9505 g_trick_acc=0.000

[Epoch 01 Step 0220] d_loss=0.1091 d_acc=0.977 | g_loss=3.2688 g_trick_acc=0.000

[Epoch 01 Step 0225] d_loss=0.0032 d_acc=1.000 | g_loss=6.2871 g_trick_acc=0.000

[Epoch 01 Step 0230] d_loss=0.0119 d_acc=1.000 | g_loss=5.5473 g_trick_acc=0.000

[Epoch 01 Step 0235] d_loss=0.0036 d_acc=1.000 | g_loss=6.2231 g_trick_acc=0.000

[Epoch 01 Step 0240] d_loss=0.0176 d_acc=1.000 | g_loss=4.9348 g_trick_acc=0.000

[Epoch 01 Step 0245] d_loss=0.0068 d_acc=1.000 | g_loss=5.7883 g_trick_acc=0.000

[Epoch 01 Step 0250] d_loss=0.0016 d_acc=1.000 | g_loss=6.7963 g_trick_acc=0.000

[Epoch 01 Step 0255] d_loss=0.0234 d_acc=1.000 | g_loss=4.3133 g_trick_acc=0.000

[Epoch 01 Step 0260] d_loss=0.0026 d_acc=1.000 | g_loss=6.8029 g_trick_acc=0.000

[Epoch 01 Step 0265] d_loss=0.0049 d_acc=1.000 | g_loss=5.7320 g_trick_acc=0.000

[Epoch 01 Step 0270] d_loss=0.0027 d_acc=1.000 | g_loss=6.4204 g_trick_acc=0.000

[Epoch 01 Step 0275] d_loss=0.0021 d_acc=1.000 | g_loss=6.5642 g_trick_acc=0.000

[Epoch 01 Step 0280] d_loss=0.0649 d_acc=0.984 | g_loss=5.7497 g_trick_acc=0.000

[Epoch 01 Step 0285] d_loss=0.0057 d_acc=1.000 | g_loss=6.1168 g_trick_acc=0.000

[Epoch 01 Step 0290] d_loss=0.0075 d_acc=1.000 | g_loss=5.7752 g_trick_acc=0.000

[Epoch 01 Step 0295] d_loss=0.0583 d_acc=0.992 | g_loss=4.9688 g_trick_acc=0.000

[Epoch 01 Step 0300] d_loss=0.0050 d_acc=1.000 | g_loss=5.7444 g_trick_acc=0.000

[Epoch 01 Step 0305] d_loss=0.0065 d_acc=1.000 | g_loss=5.5319 g_trick_acc=0.000

[Epoch 01 Step 0310] d_loss=0.0033 d_acc=1.000 | g_loss=5.7819 g_trick_acc=0.000

[Epoch 01 Step 0315] d_loss=0.0032 d_acc=1.000 | g_loss=5.6801 g_trick_acc=0.000

[Epoch 01 Step 0320] d_loss=0.0367 d_acc=0.992 | g_loss=5.1632 g_trick_acc=0.000

[Epoch 01 Step 0325] d_loss=0.0027 d_acc=1.000 | g_loss=6.7202 g_trick_acc=0.000

[Epoch 01 Step 0330] d_loss=0.0851 d_acc=0.992 | g_loss=6.0763 g_trick_acc=0.000

[Epoch 01 Step 0335] d_loss=0.0018 d_acc=1.000 | g_loss=6.7188 g_trick_acc=0.000

[Epoch 01 Step 0340] d_loss=0.0021 d_acc=1.000 | g_loss=6.5688 g_trick_acc=0.000

[Epoch 01 Step 0345] d_loss=0.0050 d_acc=1.000 | g_loss=4.8395 g_trick_acc=0.000

[Epoch 01 Step 0350] d_loss=0.0012 d_acc=1.000 | g_loss=7.1090 g_trick_acc=0.000

[Epoch 01 Step 0355] d_loss=0.0007 d_acc=1.000 | g_loss=7.4232 g_trick_acc=0.000

[Epoch 01 Step 0360] d_loss=0.0024 d_acc=1.000 | g_loss=6.4309 g_trick_acc=0.000

[Epoch 01 Step 0365] d_loss=0.0021 d_acc=1.000 | g_loss=6.6851 g_trick_acc=0.000

[Epoch 01 Step 0370] d_loss=0.0007 d_acc=1.000 | g_loss=7.4403 g_trick_acc=0.000

[Epoch 01 Step 0375] d_loss=0.0025 d_acc=1.000 | g_loss=6.2435 g_trick_acc=0.000

[Epoch 01 Step 0380] d_loss=0.0288 d_acc=0.992 | g_loss=6.1127 g_trick_acc=0.000

[Epoch 01 Step 0384] d_loss=0.0033 d_acc=1.000 | g_loss=6.2369 g_trick_acc=0.000
[Eval 01] d_loss=0.0069 d_acc=0.999 | g_loss=6.2280 g_trick_acc=0.000

[Epoch 02 Step 0005] d_loss=0.0015 d_acc=1.000 | g_loss=7.3648 g_trick_acc=0.000

[Epoch 02 Step 0010] d_loss=0.0024 d_acc=1.000 | g_loss=7.7476 g_trick_acc=0.000

[Epoch 02 Step 0015] d_loss=0.0341 d_acc=0.992 | g_loss=6.0540 g_trick_acc=0.000

[Epoch 02 Step 0020] d_loss=0.3782 d_acc=1.000 | g_loss=2.0046 g_trick_acc=0.000

[Epoch 02 Step 0025] d_loss=0.1012 d_acc=0.977 | g_loss=3.9501 g_trick_acc=0.000

[Epoch 02 Step 0030] d_loss=0.0658 d_acc=0.992 | g_loss=3.7547 g_trick_acc=0.000

[Epoch 02 Step 0035] d_loss=0.0928 d_acc=0.984 | g_loss=3.8691 g_trick_acc=0.000

[Epoch 02 Step 0040] d_loss=0.0588 d_acc=0.992 | g_loss=4.0517 g_trick_acc=0.000

[Epoch 02 Step 0045] d_loss=0.0279 d_acc=0.992 | g_loss=4.3191 g_trick_acc=0.000

[Epoch 02 Step 0050] d_loss=0.0243 d_acc=1.000 | g_loss=4.5192 g_trick_acc=0.000

[Epoch 02 Step 0055] d_loss=0.0649 d_acc=0.992 | g_loss=4.5360 g_trick_acc=0.000

[Epoch 02 Step 0060] d_loss=0.0290 d_acc=0.992 | g_loss=4.4109 g_trick_acc=0.000

[Epoch 02 Step 0065] d_loss=0.0653 d_acc=0.992 | g_loss=4.7789 g_trick_acc=0.000

[Epoch 02 Step 0070] d_loss=0.0855 d_acc=0.992 | g_loss=4.6479 g_trick_acc=0.000

[Epoch 02 Step 0075] d_loss=0.0926 d_acc=0.984 | g_loss=4.0476 g_trick_acc=0.000

[Epoch 02 Step 0080] d_loss=0.1196 d_acc=0.977 | g_loss=4.0895 g_trick_acc=0.000

[Epoch 02 Step 0085] d_loss=0.0104 d_acc=1.000 | g_loss=4.7568 g_trick_acc=0.000

[Epoch 02 Step 0090] d_loss=0.0179 d_acc=1.000 | g_loss=4.1307 g_trick_acc=0.000

[Epoch 02 Step 0095] d_loss=0.0181 d_acc=1.000 | g_loss=4.5259 g_trick_acc=0.000

[Epoch 02 Step 0100] d_loss=0.0299 d_acc=0.992 | g_loss=4.7522 g_trick_acc=0.000

[Epoch 02 Step 0105] d_loss=0.0292 d_acc=0.992 | g_loss=4.9634 g_trick_acc=0.000

[Epoch 02 Step 0110] d_loss=0.0672 d_acc=0.992 | g_loss=5.3165 g_trick_acc=0.000

[Epoch 02 Step 0115] d_loss=0.0078 d_acc=1.000 | g_loss=5.1309 g_trick_acc=0.000

[Epoch 02 Step 0120] d_loss=0.0057 d_acc=1.000 | g_loss=5.4477 g_trick_acc=0.000

[Epoch 02 Step 0125] d_loss=0.0137 d_acc=1.000 | g_loss=5.2724 g_trick_acc=0.000

[Epoch 02 Step 0130] d_loss=0.0560 d_acc=0.992 | g_loss=5.0092 g_trick_acc=0.000

[Epoch 02 Step 0135] d_loss=0.0056 d_acc=1.000 | g_loss=5.3714 g_trick_acc=0.000

[Epoch 02 Step 0140] d_loss=0.0272 d_acc=0.992 | g_loss=5.3832 g_trick_acc=0.000

[Epoch 02 Step 0145] d_loss=0.0076 d_acc=1.000 | g_loss=5.0386 g_trick_acc=0.000

[Epoch 02 Step 0150] d_loss=0.0084 d_acc=1.000 | g_loss=5.2798 g_trick_acc=0.000

[Epoch 02 Step 0155] d_loss=0.0121 d_acc=1.000 | g_loss=5.1883 g_trick_acc=0.000

[Epoch 02 Step 0160] d_loss=0.0416 d_acc=0.992 | g_loss=5.2665 g_trick_acc=0.000

[Epoch 02 Step 0165] d_loss=0.0039 d_acc=1.000 | g_loss=5.7142 g_trick_acc=0.000

[Epoch 02 Step 0170] d_loss=0.0073 d_acc=1.000 | g_loss=5.8207 g_trick_acc=0.000

[Epoch 02 Step 0175] d_loss=0.0120 d_acc=1.000 | g_loss=5.9712 g_trick_acc=0.000

[Epoch 02 Step 0180] d_loss=0.0195 d_acc=0.992 | g_loss=6.1066 g_trick_acc=0.000

[Epoch 02 Step 0185] d_loss=0.0036 d_acc=1.000 | g_loss=6.1294 g_trick_acc=0.000

[Epoch 02 Step 0190] d_loss=0.0018 d_acc=1.000 | g_loss=6.4335 g_trick_acc=0.000

[Epoch 02 Step 0195] d_loss=0.0033 d_acc=1.000 | g_loss=6.2581 g_trick_acc=0.000

[Epoch 02 Step 0200] d_loss=0.0076 d_acc=1.000 | g_loss=4.9527 g_trick_acc=0.000

[Epoch 02 Step 0205] d_loss=0.0046 d_acc=1.000 | g_loss=6.3970 g_trick_acc=0.000

[Epoch 02 Step 0210] d_loss=0.0859 d_acc=0.984 | g_loss=5.2120 g_trick_acc=0.000

[Epoch 02 Step 0215] d_loss=0.0209 d_acc=0.992 | g_loss=4.7871 g_trick_acc=0.000

[Epoch 02 Step 0220] d_loss=0.0123 d_acc=1.000 | g_loss=5.0154 g_trick_acc=0.000

[Epoch 02 Step 0225] d_loss=0.0075 d_acc=1.000 | g_loss=5.1734 g_trick_acc=0.000

[Epoch 02 Step 0230] d_loss=0.0052 d_acc=1.000 | g_loss=5.4439 g_trick_acc=0.000

[Epoch 02 Step 0235] d_loss=0.0354 d_acc=0.992 | g_loss=4.3777 g_trick_acc=0.000

[Epoch 02 Step 0240] d_loss=0.0103 d_acc=1.000 | g_loss=5.1783 g_trick_acc=0.000

[Epoch 02 Step 0245] d_loss=0.0064 d_acc=1.000 | g_loss=5.3560 g_trick_acc=0.000

[Epoch 02 Step 0250] d_loss=0.0033 d_acc=1.000 | g_loss=5.9044 g_trick_acc=0.000

[Epoch 02 Step 0255] d_loss=0.0050 d_acc=1.000 | g_loss=5.4513 g_trick_acc=0.000

[Epoch 02 Step 0260] d_loss=0.0045 d_acc=1.000 | g_loss=5.4375 g_trick_acc=0.000

[Epoch 02 Step 0265] d_loss=0.0169 d_acc=0.992 | g_loss=5.5601 g_trick_acc=0.000

[Epoch 02 Step 0270] d_loss=0.0033 d_acc=1.000 | g_loss=5.8877 g_trick_acc=0.000

[Epoch 02 Step 0275] d_loss=0.0065 d_acc=1.000 | g_loss=5.8646 g_trick_acc=0.000

[Epoch 02 Step 0280] d_loss=0.0085 d_acc=1.000 | g_loss=5.8868 g_trick_acc=0.000

[Epoch 02 Step 0285] d_loss=0.0021 d_acc=1.000 | g_loss=6.3145 g_trick_acc=0.000

[Epoch 02 Step 0290] d_loss=0.0049 d_acc=1.000 | g_loss=5.2726 g_trick_acc=0.000

[Epoch 02 Step 0295] d_loss=0.0386 d_acc=0.992 | g_loss=5.6014 g_trick_acc=0.000

[Epoch 02 Step 0300] d_loss=0.0033 d_acc=1.000 | g_loss=5.8817 g_trick_acc=0.000

[Epoch 02 Step 0305] d_loss=0.0024 d_acc=1.000 | g_loss=6.1479 g_trick_acc=0.000

[Epoch 02 Step 0310] d_loss=0.0038 d_acc=1.000 | g_loss=6.5059 g_trick_acc=0.000

[Epoch 02 Step 0315] d_loss=0.0034 d_acc=1.000 | g_loss=5.7709 g_trick_acc=0.000

[Epoch 02 Step 0320] d_loss=0.0061 d_acc=1.000 | g_loss=5.6361 g_trick_acc=0.000

[Epoch 02 Step 0325] d_loss=0.0063 d_acc=1.000 | g_loss=5.6009 g_trick_acc=0.000

[Epoch 02 Step 0330] d_loss=0.0042 d_acc=1.000 | g_loss=5.6364 g_trick_acc=0.000

[Epoch 02 Step 0335] d_loss=0.5713 d_acc=0.859 | g_loss=5.0487 g_trick_acc=0.000

[Epoch 02 Step 0340] d_loss=0.5122 d_acc=0.938 | g_loss=1.5702 g_trick_acc=0.000

[Epoch 02 Step 0345] d_loss=0.3266 d_acc=0.945 | g_loss=2.0942 g_trick_acc=0.000

[Epoch 02 Step 0350] d_loss=0.2250 d_acc=0.977 | g_loss=2.4778 g_trick_acc=0.000

[Epoch 02 Step 0355] d_loss=0.2715 d_acc=0.953 | g_loss=2.4088 g_trick_acc=0.000

[Epoch 02 Step 0360] d_loss=0.2456 d_acc=0.953 | g_loss=2.9199 g_trick_acc=0.000

[Epoch 02 Step 0365] d_loss=0.0988 d_acc=0.984 | g_loss=3.2716 g_trick_acc=0.000

[Epoch 02 Step 0370] d_loss=0.0679 d_acc=0.992 | g_loss=3.3793 g_trick_acc=0.000

[Epoch 02 Step 0375] d_loss=0.0811 d_acc=0.984 | g_loss=3.3188 g_trick_acc=0.000

[Epoch 02 Step 0380] d_loss=0.1113 d_acc=0.984 | g_loss=3.5267 g_trick_acc=0.000

[Epoch 02 Step 0384] d_loss=0.0521 d_acc=1.000 | g_loss=3.8095 g_trick_acc=0.000
[Eval 02] d_loss=0.0624 d_acc=0.991 | g_loss=3.8115 g_trick_acc=0.000

[Epoch 03 Step 0005] d_loss=0.1124 d_acc=0.977 | g_loss=3.9042 g_trick_acc=0.000

[Epoch 03 Step 0010] d_loss=0.1084 d_acc=0.969 | g_loss=3.8428 g_trick_acc=0.000

[Epoch 03 Step 0015] d_loss=0.0193 d_acc=1.000 | g_loss=4.2446 g_trick_acc=0.000

[Epoch 03 Step 0020] d_loss=0.0250 d_acc=0.992 | g_loss=4.6827 g_trick_acc=0.000

[Epoch 03 Step 0025] d_loss=0.0262 d_acc=0.992 | g_loss=4.5869 g_trick_acc=0.000

[Epoch 03 Step 0030] d_loss=0.5039 d_acc=0.891 | g_loss=3.1090 g_trick_acc=0.000

[Epoch 03 Step 0035] d_loss=0.2988 d_acc=0.945 | g_loss=2.1834 g_trick_acc=0.000

[Epoch 03 Step 0040] d_loss=0.2525 d_acc=0.953 | g_loss=2.5060 g_trick_acc=0.000

[Epoch 03 Step 0045] d_loss=0.1901 d_acc=0.969 | g_loss=2.5931 g_trick_acc=0.000

[Epoch 03 Step 0050] d_loss=0.1341 d_acc=0.984 | g_loss=3.1100 g_trick_acc=0.000

[Epoch 03 Step 0055] d_loss=0.1123 d_acc=0.984 | g_loss=2.9365 g_trick_acc=0.000

[Epoch 03 Step 0060] d_loss=0.0915 d_acc=0.984 | g_loss=3.4417 g_trick_acc=0.000

[Epoch 03 Step 0065] d_loss=0.1639 d_acc=0.969 | g_loss=3.1510 g_trick_acc=0.000

[Epoch 03 Step 0070] d_loss=0.0485 d_acc=1.000 | g_loss=3.6973 g_trick_acc=0.000

[Epoch 03 Step 0075] d_loss=0.0787 d_acc=0.992 | g_loss=3.8334 g_trick_acc=0.000

[Epoch 03 Step 0080] d_loss=0.1081 d_acc=0.984 | g_loss=3.4155 g_trick_acc=0.000

[Epoch 03 Step 0085] d_loss=0.0757 d_acc=0.984 | g_loss=3.9560 g_trick_acc=0.000

[Epoch 03 Step 0090] d_loss=0.0608 d_acc=0.992 | g_loss=3.6049 g_trick_acc=0.000

[Epoch 03 Step 0095] d_loss=0.0397 d_acc=0.992 | g_loss=4.0397 g_trick_acc=0.000

[Epoch 03 Step 0100] d_loss=0.0228 d_acc=1.000 | g_loss=4.0743 g_trick_acc=0.000

[Epoch 03 Step 0105] d_loss=0.0461 d_acc=0.992 | g_loss=3.8754 g_trick_acc=0.000

[Epoch 03 Step 0110] d_loss=0.0144 d_acc=1.000 | g_loss=4.4714 g_trick_acc=0.000

[Epoch 03 Step 0115] d_loss=0.1171 d_acc=0.977 | g_loss=4.4833 g_trick_acc=0.000

[Epoch 03 Step 0120] d_loss=0.0521 d_acc=0.984 | g_loss=4.3817 g_trick_acc=0.000

[Epoch 03 Step 0125] d_loss=0.0121 d_acc=1.000 | g_loss=4.5709 g_trick_acc=0.000

[Epoch 03 Step 0130] d_loss=0.0722 d_acc=0.984 | g_loss=4.2640 g_trick_acc=0.000

[Epoch 03 Step 0135] d_loss=0.0159 d_acc=1.000 | g_loss=4.3929 g_trick_acc=0.000

[Epoch 03 Step 0140] d_loss=0.0155 d_acc=1.000 | g_loss=4.7423 g_trick_acc=0.000

[Epoch 03 Step 0145] d_loss=0.0240 d_acc=1.000 | g_loss=4.8094 g_trick_acc=0.000

[Epoch 03 Step 0150] d_loss=0.0323 d_acc=0.992 | g_loss=4.6621 g_trick_acc=0.000

[Epoch 03 Step 0155] d_loss=0.0558 d_acc=0.992 | g_loss=5.0903 g_trick_acc=0.000

[Epoch 03 Step 0160] d_loss=0.0576 d_acc=0.992 | g_loss=4.7603 g_trick_acc=0.000

[Epoch 03 Step 0165] d_loss=0.0244 d_acc=0.992 | g_loss=4.8308 g_trick_acc=0.000

[Epoch 03 Step 0170] d_loss=0.0092 d_acc=1.000 | g_loss=4.9104 g_trick_acc=0.000

[Epoch 03 Step 0175] d_loss=0.0509 d_acc=0.992 | g_loss=4.5789 g_trick_acc=0.000

[Epoch 03 Step 0180] d_loss=0.0337 d_acc=0.992 | g_loss=4.9023 g_trick_acc=0.000

[Epoch 03 Step 0185] d_loss=0.0062 d_acc=1.000 | g_loss=5.1979 g_trick_acc=0.000

[Epoch 03 Step 0190] d_loss=0.0141 d_acc=1.000 | g_loss=4.7023 g_trick_acc=0.000

[Epoch 03 Step 0195] d_loss=0.0102 d_acc=1.000 | g_loss=5.0733 g_trick_acc=0.000

[Epoch 03 Step 0200] d_loss=0.0390 d_acc=0.992 | g_loss=5.6510 g_trick_acc=0.000

[Epoch 03 Step 0205] d_loss=0.0410 d_acc=0.992 | g_loss=5.0502 g_trick_acc=0.000

[Epoch 03 Step 0210] d_loss=0.0176 d_acc=1.000 | g_loss=4.9980 g_trick_acc=0.000

[Epoch 03 Step 0215] d_loss=0.0092 d_acc=1.000 | g_loss=4.8078 g_trick_acc=0.000

[Epoch 03 Step 0220] d_loss=0.0831 d_acc=0.984 | g_loss=5.5466 g_trick_acc=0.000

[Epoch 03 Step 0225] d_loss=0.0224 d_acc=1.000 | g_loss=4.2359 g_trick_acc=0.000

[Epoch 03 Step 0230] d_loss=0.0889 d_acc=0.984 | g_loss=3.9715 g_trick_acc=0.000

[Epoch 03 Step 0235] d_loss=0.0530 d_acc=0.992 | g_loss=4.1782 g_trick_acc=0.000

[Epoch 03 Step 0240] d_loss=0.0244 d_acc=1.000 | g_loss=4.2306 g_trick_acc=0.000

[Epoch 03 Step 0245] d_loss=0.0445 d_acc=0.984 | g_loss=4.5348 g_trick_acc=0.000

[Epoch 03 Step 0250] d_loss=0.0421 d_acc=0.992 | g_loss=3.9902 g_trick_acc=0.000

[Epoch 03 Step 0255] d_loss=0.0314 d_acc=1.000 | g_loss=4.3506 g_trick_acc=0.000

[Epoch 03 Step 0260] d_loss=0.0214 d_acc=1.000 | g_loss=4.5737 g_trick_acc=0.000

[Epoch 03 Step 0265] d_loss=0.0172 d_acc=1.000 | g_loss=4.3159 g_trick_acc=0.000

[Epoch 03 Step 0270] d_loss=0.0355 d_acc=0.992 | g_loss=4.7256 g_trick_acc=0.000

[Epoch 03 Step 0275] d_loss=0.0141 d_acc=1.000 | g_loss=4.6675 g_trick_acc=0.000

[Epoch 03 Step 0280] d_loss=0.0066 d_acc=1.000 | g_loss=5.2015 g_trick_acc=0.000

[Epoch 03 Step 0285] d_loss=0.0219 d_acc=1.000 | g_loss=4.6449 g_trick_acc=0.000

[Epoch 03 Step 0290] d_loss=0.0080 d_acc=1.000 | g_loss=5.1812 g_trick_acc=0.000

[Epoch 03 Step 0295] d_loss=0.0074 d_acc=1.000 | g_loss=5.5247 g_trick_acc=0.000

[Epoch 03 Step 0300] d_loss=0.0103 d_acc=1.000 | g_loss=4.7583 g_trick_acc=0.000

[Epoch 03 Step 0305] d_loss=0.0240 d_acc=0.992 | g_loss=5.1635 g_trick_acc=0.000

[Epoch 03 Step 0310] d_loss=0.0154 d_acc=1.000 | g_loss=5.0064 g_trick_acc=0.000

[Epoch 03 Step 0315] d_loss=0.0197 d_acc=1.000 | g_loss=4.8477 g_trick_acc=0.000

[Epoch 03 Step 0320] d_loss=0.0315 d_acc=0.992 | g_loss=5.9303 g_trick_acc=0.000

[Epoch 03 Step 0325] d_loss=0.0166 d_acc=1.000 | g_loss=4.3910 g_trick_acc=0.000

[Epoch 03 Step 0330] d_loss=0.0612 d_acc=0.992 | g_loss=4.0231 g_trick_acc=0.000

[Epoch 03 Step 0335] d_loss=0.0531 d_acc=0.992 | g_loss=4.5144 g_trick_acc=0.000

[Epoch 03 Step 0340] d_loss=0.0534 d_acc=0.984 | g_loss=4.5087 g_trick_acc=0.000

[Epoch 03 Step 0345] d_loss=0.0699 d_acc=0.992 | g_loss=4.4108 g_trick_acc=0.000

[Epoch 03 Step 0350] d_loss=0.0096 d_acc=1.000 | g_loss=5.3181 g_trick_acc=0.000

[Epoch 03 Step 0355] d_loss=0.0107 d_acc=1.000 | g_loss=5.4912 g_trick_acc=0.000

[Epoch 03 Step 0360] d_loss=0.0146 d_acc=1.000 | g_loss=5.2273 g_trick_acc=0.000

[Epoch 03 Step 0365] d_loss=0.0364 d_acc=0.992 | g_loss=4.7542 g_trick_acc=0.000

[Epoch 03 Step 0370] d_loss=0.0209 d_acc=1.000 | g_loss=4.6008 g_trick_acc=0.000

[Epoch 03 Step 0375] d_loss=0.0662 d_acc=0.992 | g_loss=4.3865 g_trick_acc=0.000

[Epoch 03 Step 0380] d_loss=0.0369 d_acc=0.992 | g_loss=4.8085 g_trick_acc=0.000

[Epoch 03 Step 0384] d_loss=0.0104 d_acc=1.000 | g_loss=4.9559 g_trick_acc=0.000
[Eval 03] d_loss=0.0276 d_acc=0.996 | g_loss=4.9657 g_trick_acc=0.000

[Epoch 04 Step 0005] d_loss=0.0138 d_acc=1.000 | g_loss=5.0079 g_trick_acc=0.000

[Epoch 04 Step 0010] d_loss=0.0128 d_acc=1.000 | g_loss=4.9567 g_trick_acc=0.000

[Epoch 04 Step 0015] d_loss=0.0083 d_acc=1.000 | g_loss=5.6672 g_trick_acc=0.000

[Epoch 04 Step 0020] d_loss=0.0035 d_acc=1.000 | g_loss=5.7850 g_trick_acc=0.000

[Epoch 04 Step 0025] d_loss=0.0063 d_acc=1.000 | g_loss=4.9896 g_trick_acc=0.000

[Epoch 04 Step 0030] d_loss=0.0177 d_acc=1.000 | g_loss=4.5062 g_trick_acc=0.000

[Epoch 04 Step 0035] d_loss=0.0112 d_acc=1.000 | g_loss=4.5790 g_trick_acc=0.000

[Epoch 04 Step 0040] d_loss=0.0312 d_acc=0.992 | g_loss=5.5697 g_trick_acc=0.000

[Epoch 04 Step 0045] d_loss=0.0079 d_acc=1.000 | g_loss=5.4165 g_trick_acc=0.000

[Epoch 04 Step 0050] d_loss=0.0152 d_acc=1.000 | g_loss=4.7385 g_trick_acc=0.000

[Epoch 04 Step 0055] d_loss=0.0070 d_acc=1.000 | g_loss=5.1439 g_trick_acc=0.000

[Epoch 04 Step 0060] d_loss=0.0683 d_acc=0.992 | g_loss=4.8775 g_trick_acc=0.000

[Epoch 04 Step 0065] d_loss=0.0068 d_acc=1.000 | g_loss=5.3651 g_trick_acc=0.000

[Epoch 04 Step 0070] d_loss=0.0102 d_acc=1.000 | g_loss=5.4355 g_trick_acc=0.000

[Epoch 04 Step 0075] d_loss=0.0367 d_acc=0.992 | g_loss=4.8586 g_trick_acc=0.000

[Epoch 04 Step 0080] d_loss=0.0083 d_acc=1.000 | g_loss=4.9859 g_trick_acc=0.000

[Epoch 04 Step 0085] d_loss=0.0076 d_acc=1.000 | g_loss=4.9707 g_trick_acc=0.000

[Epoch 04 Step 0090] d_loss=0.0058 d_acc=1.000 | g_loss=5.4855 g_trick_acc=0.000

[Epoch 04 Step 0095] d_loss=0.0201 d_acc=0.992 | g_loss=5.5156 g_trick_acc=0.000

[Epoch 04 Step 0100] d_loss=0.0045 d_acc=1.000 | g_loss=5.5295 g_trick_acc=0.000

[Epoch 04 Step 0105] d_loss=0.0119 d_acc=1.000 | g_loss=6.0314 g_trick_acc=0.000

[Epoch 04 Step 0110] d_loss=0.0304 d_acc=1.000 | g_loss=5.1255 g_trick_acc=0.000

[Epoch 04 Step 0115] d_loss=0.0058 d_acc=1.000 | g_loss=5.5428 g_trick_acc=0.000

[Epoch 04 Step 0120] d_loss=0.0329 d_acc=0.992 | g_loss=5.9813 g_trick_acc=0.000

[Epoch 04 Step 0125] d_loss=0.0050 d_acc=1.000 | g_loss=5.7230 g_trick_acc=0.000

[Epoch 04 Step 0130] d_loss=0.0120 d_acc=1.000 | g_loss=5.8849 g_trick_acc=0.000

[Epoch 04 Step 0135] d_loss=0.0032 d_acc=1.000 | g_loss=5.9224 g_trick_acc=0.000

[Epoch 04 Step 0140] d_loss=0.0495 d_acc=0.992 | g_loss=5.6589 g_trick_acc=0.000

[Epoch 04 Step 0145] d_loss=0.0050 d_acc=1.000 | g_loss=5.8191 g_trick_acc=0.000

[Epoch 04 Step 0150] d_loss=0.0017 d_acc=1.000 | g_loss=6.4979 g_trick_acc=0.000

[Epoch 04 Step 0155] d_loss=0.0080 d_acc=1.000 | g_loss=5.0933 g_trick_acc=0.000

[Epoch 04 Step 0160] d_loss=0.0042 d_acc=1.000 | g_loss=5.6785 g_trick_acc=0.000

[Epoch 04 Step 0165] d_loss=0.0076 d_acc=1.000 | g_loss=5.5123 g_trick_acc=0.000

[Epoch 04 Step 0170] d_loss=0.0044 d_acc=1.000 | g_loss=6.1118 g_trick_acc=0.000

[Epoch 04 Step 0175] d_loss=0.0114 d_acc=1.000 | g_loss=6.6078 g_trick_acc=0.000

[Epoch 04 Step 0180] d_loss=0.0020 d_acc=1.000 | g_loss=6.1964 g_trick_acc=0.000

[Epoch 04 Step 0185] d_loss=0.0027 d_acc=1.000 | g_loss=6.0225 g_trick_acc=0.000

[Epoch 04 Step 0190] d_loss=0.0169 d_acc=0.992 | g_loss=5.6830 g_trick_acc=0.000

[Epoch 04 Step 0195] d_loss=0.0145 d_acc=0.992 | g_loss=5.8175 g_trick_acc=0.000

[Epoch 04 Step 0200] d_loss=0.0028 d_acc=1.000 | g_loss=6.0104 g_trick_acc=0.000

[Epoch 04 Step 0205] d_loss=0.0048 d_acc=1.000 | g_loss=5.3742 g_trick_acc=0.000

[Epoch 04 Step 0210] d_loss=0.0047 d_acc=1.000 | g_loss=5.4521 g_trick_acc=0.000

[Epoch 04 Step 0215] d_loss=0.0034 d_acc=1.000 | g_loss=5.7878 g_trick_acc=0.000

[Epoch 04 Step 0220] d_loss=0.0023 d_acc=1.000 | g_loss=6.2305 g_trick_acc=0.000

[Epoch 04 Step 0225] d_loss=0.0580 d_acc=0.992 | g_loss=5.1365 g_trick_acc=0.000

[Epoch 04 Step 0230] d_loss=0.0073 d_acc=1.000 | g_loss=5.1772 g_trick_acc=0.000

[Epoch 04 Step 0235] d_loss=0.0023 d_acc=1.000 | g_loss=6.2866 g_trick_acc=0.000

[Epoch 04 Step 0240] d_loss=0.0033 d_acc=1.000 | g_loss=5.9191 g_trick_acc=0.000

[Epoch 04 Step 0245] d_loss=0.0049 d_acc=1.000 | g_loss=5.6965 g_trick_acc=0.000

[Epoch 04 Step 0250] d_loss=0.0037 d_acc=1.000 | g_loss=5.7466 g_trick_acc=0.000

[Epoch 04 Step 0255] d_loss=0.0018 d_acc=1.000 | g_loss=6.4698 g_trick_acc=0.000

[Epoch 04 Step 0260] d_loss=0.0055 d_acc=1.000 | g_loss=6.7551 g_trick_acc=0.000

[Epoch 04 Step 0265] d_loss=0.0024 d_acc=1.000 | g_loss=6.4019 g_trick_acc=0.000

[Epoch 04 Step 0270] d_loss=0.0058 d_acc=1.000 | g_loss=5.4438 g_trick_acc=0.000

[Epoch 04 Step 0275] d_loss=0.0227 d_acc=0.992 | g_loss=5.8260 g_trick_acc=0.000

[Epoch 04 Step 0280] d_loss=0.0028 d_acc=1.000 | g_loss=6.1618 g_trick_acc=0.000

[Epoch 04 Step 0285] d_loss=0.0029 d_acc=1.000 | g_loss=6.0396 g_trick_acc=0.000

[Epoch 04 Step 0290] d_loss=0.0018 d_acc=1.000 | g_loss=6.5398 g_trick_acc=0.000

[Epoch 04 Step 0295] d_loss=0.0043 d_acc=1.000 | g_loss=6.3868 g_trick_acc=0.000

[Epoch 04 Step 0300] d_loss=0.0031 d_acc=1.000 | g_loss=6.8033 g_trick_acc=0.000

[Epoch 04 Step 0305] d_loss=0.0023 d_acc=1.000 | g_loss=6.2664 g_trick_acc=0.000

[Epoch 04 Step 0310] d_loss=0.0015 d_acc=1.000 | g_loss=6.7710 g_trick_acc=0.000

[Epoch 04 Step 0315] d_loss=0.0010 d_acc=1.000 | g_loss=7.1973 g_trick_acc=0.000

[Epoch 04 Step 0320] d_loss=0.0061 d_acc=1.000 | g_loss=6.9736 g_trick_acc=0.000

[Epoch 04 Step 0325] d_loss=0.0028 d_acc=1.000 | g_loss=6.3654 g_trick_acc=0.000

[Epoch 04 Step 0330] d_loss=0.0010 d_acc=1.000 | g_loss=7.0601 g_trick_acc=0.000

[Epoch 04 Step 0335] d_loss=0.0035 d_acc=1.000 | g_loss=5.1379 g_trick_acc=0.000

[Epoch 04 Step 0340] d_loss=0.0055 d_acc=1.000 | g_loss=5.4888 g_trick_acc=0.000

[Epoch 04 Step 0345] d_loss=0.0025 d_acc=1.000 | g_loss=6.2949 g_trick_acc=0.000

[Epoch 04 Step 0350] d_loss=0.0025 d_acc=1.000 | g_loss=6.2097 g_trick_acc=0.000

[Epoch 04 Step 0355] d_loss=0.2479 d_acc=0.969 | g_loss=7.3621 g_trick_acc=0.000

[Epoch 04 Step 0360] d_loss=0.0307 d_acc=1.000 | g_loss=4.1005 g_trick_acc=0.000

[Epoch 04 Step 0365] d_loss=0.0629 d_acc=0.984 | g_loss=4.0550 g_trick_acc=0.000

[Epoch 04 Step 0370] d_loss=0.0646 d_acc=0.992 | g_loss=3.5650 g_trick_acc=0.000

[Epoch 04 Step 0375] d_loss=0.0901 d_acc=0.977 | g_loss=3.7842 g_trick_acc=0.000

[Epoch 04 Step 0380] d_loss=0.1175 d_acc=0.984 | g_loss=3.9397 g_trick_acc=0.000

[Epoch 04 Step 0384] d_loss=0.0104 d_acc=1.000 | g_loss=4.7904 g_trick_acc=0.000
[Eval 04] d_loss=0.0467 d_acc=0.992 | g_loss=4.7831 g_trick_acc=0.000

[Epoch 05 Step 0005] d_loss=0.0659 d_acc=0.992 | g_loss=3.9193 g_trick_acc=0.000

[Epoch 05 Step 0010] d_loss=0.0721 d_acc=0.984 | g_loss=4.0391 g_trick_acc=0.000

[Epoch 05 Step 0015] d_loss=0.0776 d_acc=0.984 | g_loss=4.5759 g_trick_acc=0.000

[Epoch 05 Step 0020] d_loss=0.0214 d_acc=1.000 | g_loss=4.2613 g_trick_acc=0.000

[Epoch 05 Step 0025] d_loss=0.0049 d_acc=1.000 | g_loss=5.6546 g_trick_acc=0.000

[Epoch 05 Step 0030] d_loss=0.1279 d_acc=0.984 | g_loss=4.8497 g_trick_acc=0.000

[Epoch 05 Step 0035] d_loss=0.0138 d_acc=1.000 | g_loss=4.4974 g_trick_acc=0.000

[Epoch 05 Step 0040] d_loss=0.0705 d_acc=0.992 | g_loss=4.6765 g_trick_acc=0.000

[Epoch 05 Step 0045] d_loss=0.0303 d_acc=0.992 | g_loss=5.2287 g_trick_acc=0.000

[Epoch 05 Step 0050] d_loss=0.0089 d_acc=1.000 | g_loss=5.4119 g_trick_acc=0.000

[Epoch 05 Step 0055] d_loss=0.0429 d_acc=0.984 | g_loss=5.3314 g_trick_acc=0.000

[Epoch 05 Step 0060] d_loss=0.0256 d_acc=0.992 | g_loss=4.5187 g_trick_acc=0.000

[Epoch 05 Step 0065] d_loss=0.0414 d_acc=0.984 | g_loss=5.0213 g_trick_acc=0.000

[Epoch 05 Step 0070] d_loss=0.0074 d_acc=1.000 | g_loss=5.3704 g_trick_acc=0.000

[Epoch 05 Step 0075] d_loss=0.0235 d_acc=0.992 | g_loss=4.9773 g_trick_acc=0.000

[Epoch 05 Step 0080] d_loss=0.0075 d_acc=1.000 | g_loss=5.2875 g_trick_acc=0.000

[Epoch 05 Step 0085] d_loss=0.0080 d_acc=1.000 | g_loss=5.1694 g_trick_acc=0.000

[Epoch 05 Step 0090] d_loss=0.0043 d_acc=1.000 | g_loss=5.7776 g_trick_acc=0.000

[Epoch 05 Step 0095] d_loss=0.0024 d_acc=1.000 | g_loss=6.2116 g_trick_acc=0.000

[Epoch 05 Step 0100] d_loss=0.0023 d_acc=1.000 | g_loss=6.2107 g_trick_acc=0.000

[Epoch 05 Step 0105] d_loss=0.0247 d_acc=0.992 | g_loss=5.3862 g_trick_acc=0.000

[Epoch 05 Step 0110] d_loss=0.0544 d_acc=0.992 | g_loss=5.4105 g_trick_acc=0.000

[Epoch 05 Step 0115] d_loss=0.0042 d_acc=1.000 | g_loss=5.7476 g_trick_acc=0.000

[Epoch 05 Step 0120] d_loss=0.0044 d_acc=1.000 | g_loss=5.7891 g_trick_acc=0.000

[Epoch 05 Step 0125] d_loss=0.0020 d_acc=1.000 | g_loss=6.4916 g_trick_acc=0.000

[Epoch 05 Step 0130] d_loss=0.0032 d_acc=1.000 | g_loss=5.8822 g_trick_acc=0.000

[Epoch 05 Step 0135] d_loss=0.0033 d_acc=1.000 | g_loss=5.7914 g_trick_acc=0.000

[Epoch 05 Step 0140] d_loss=0.0077 d_acc=1.000 | g_loss=5.1524 g_trick_acc=0.000

[Epoch 05 Step 0145] d_loss=0.0037 d_acc=1.000 | g_loss=5.8486 g_trick_acc=0.000

[Epoch 05 Step 0150] d_loss=0.0041 d_acc=1.000 | g_loss=5.5712 g_trick_acc=0.000

[Epoch 05 Step 0155] d_loss=0.0048 d_acc=1.000 | g_loss=5.5142 g_trick_acc=0.000

[Epoch 05 Step 0160] d_loss=0.0067 d_acc=1.000 | g_loss=5.3964 g_trick_acc=0.000

[Epoch 05 Step 0165] d_loss=0.0076 d_acc=1.000 | g_loss=5.6931 g_trick_acc=0.000

[Epoch 05 Step 0170] d_loss=0.0131 d_acc=1.000 | g_loss=4.9009 g_trick_acc=0.000

[Epoch 05 Step 0175] d_loss=0.0455 d_acc=0.992 | g_loss=5.8444 g_trick_acc=0.000

[Epoch 05 Step 0180] d_loss=0.0043 d_acc=1.000 | g_loss=5.6799 g_trick_acc=0.000

[Epoch 05 Step 0185] d_loss=0.0049 d_acc=1.000 | g_loss=6.3452 g_trick_acc=0.000

[Epoch 05 Step 0190] d_loss=0.0040 d_acc=1.000 | g_loss=5.6253 g_trick_acc=0.000

[Epoch 05 Step 0195] d_loss=0.0059 d_acc=1.000 | g_loss=5.4696 g_trick_acc=0.000

[Epoch 05 Step 0200] d_loss=0.0023 d_acc=1.000 | g_loss=6.2014 g_trick_acc=0.000

[Epoch 05 Step 0205] d_loss=0.0611 d_acc=0.992 | g_loss=5.2022 g_trick_acc=0.000

[Epoch 05 Step 0210] d_loss=0.0038 d_acc=1.000 | g_loss=5.6348 g_trick_acc=0.000

[Epoch 05 Step 0215] d_loss=0.0020 d_acc=1.000 | g_loss=6.3984 g_trick_acc=0.000

[Epoch 05 Step 0220] d_loss=0.0065 d_acc=1.000 | g_loss=5.7631 g_trick_acc=0.000

[Epoch 05 Step 0225] d_loss=0.0024 d_acc=1.000 | g_loss=6.6523 g_trick_acc=0.000

[Epoch 05 Step 0230] d_loss=0.0746 d_acc=0.992 | g_loss=6.3172 g_trick_acc=0.000

[Epoch 05 Step 0235] d_loss=0.0061 d_acc=1.000 | g_loss=5.3777 g_trick_acc=0.000

[Epoch 05 Step 0240] d_loss=0.0031 d_acc=1.000 | g_loss=5.9525 g_trick_acc=0.000

[Epoch 05 Step 0245] d_loss=0.1125 d_acc=0.984 | g_loss=5.4372 g_trick_acc=0.000

[Epoch 05 Step 0250] d_loss=0.0045 d_acc=1.000 | g_loss=5.7556 g_trick_acc=0.000

[Epoch 05 Step 0255] d_loss=0.0017 d_acc=1.000 | g_loss=6.6125 g_trick_acc=0.000

[Epoch 05 Step 0260] d_loss=0.0030 d_acc=1.000 | g_loss=6.9469 g_trick_acc=0.000

[Epoch 05 Step 0265] d_loss=0.0012 d_acc=1.000 | g_loss=6.8718 g_trick_acc=0.000

[Epoch 05 Step 0270] d_loss=0.0028 d_acc=1.000 | g_loss=5.9433 g_trick_acc=0.000

[Epoch 05 Step 0275] d_loss=0.0183 d_acc=1.000 | g_loss=5.3679 g_trick_acc=0.000

[Epoch 05 Step 0280] d_loss=0.0027 d_acc=1.000 | g_loss=6.1806 g_trick_acc=0.000

[Epoch 05 Step 0285] d_loss=0.0101 d_acc=1.000 | g_loss=6.1487 g_trick_acc=0.000

[Epoch 05 Step 0290] d_loss=0.0016 d_acc=1.000 | g_loss=6.5508 g_trick_acc=0.000

[Epoch 05 Step 0295] d_loss=0.0010 d_acc=1.000 | g_loss=7.0214 g_trick_acc=0.000

[Epoch 05 Step 0300] d_loss=0.0018 d_acc=1.000 | g_loss=6.4488 g_trick_acc=0.000

[Epoch 05 Step 0305] d_loss=0.0143 d_acc=1.000 | g_loss=5.8299 g_trick_acc=0.000

[Epoch 05 Step 0310] d_loss=0.0026 d_acc=1.000 | g_loss=6.3498 g_trick_acc=0.000

[Epoch 05 Step 0315] d_loss=0.0011 d_acc=1.000 | g_loss=6.9457 g_trick_acc=0.000

[Epoch 05 Step 0320] d_loss=0.0019 d_acc=1.000 | g_loss=5.9204 g_trick_acc=0.000

[Epoch 05 Step 0325] d_loss=0.0021 d_acc=1.000 | g_loss=6.3425 g_trick_acc=0.000

[Epoch 05 Step 0330] d_loss=0.0011 d_acc=1.000 | g_loss=6.9023 g_trick_acc=0.000

[Epoch 05 Step 0335] d_loss=0.0020 d_acc=1.000 | g_loss=6.2291 g_trick_acc=0.000

[Epoch 05 Step 0340] d_loss=0.0127 d_acc=1.000 | g_loss=6.0867 g_trick_acc=0.000

[Epoch 05 Step 0345] d_loss=0.0048 d_acc=1.000 | g_loss=5.5098 g_trick_acc=0.000

[Epoch 05 Step 0350] d_loss=0.0017 d_acc=1.000 | g_loss=6.5630 g_trick_acc=0.000

[Epoch 05 Step 0355] d_loss=0.0010 d_acc=1.000 | g_loss=7.0990 g_trick_acc=0.000

[Epoch 05 Step 0360] d_loss=0.0226 d_acc=0.992 | g_loss=5.3392 g_trick_acc=0.000

[Epoch 05 Step 0365] d_loss=0.0023 d_acc=1.000 | g_loss=6.4039 g_trick_acc=0.000

[Epoch 05 Step 0370] d_loss=0.0022 d_acc=1.000 | g_loss=6.7726 g_trick_acc=0.000

[Epoch 05 Step 0375] d_loss=0.0058 d_acc=1.000 | g_loss=5.7028 g_trick_acc=0.000

[Epoch 05 Step 0380] d_loss=0.0014 d_acc=1.000 | g_loss=6.7003 g_trick_acc=0.000

[Epoch 05 Step 0384] d_loss=0.0009 d_acc=1.000 | g_loss=7.1404 g_trick_acc=0.000
[Eval 05] d_loss=0.0088 d_acc=0.999 | g_loss=7.0966 g_trick_acc=0.000

[Epoch 06 Step 0005] d_loss=0.0202 d_acc=0.992 | g_loss=6.8162 g_trick_acc=0.000

[Epoch 06 Step 0010] d_loss=0.0012 d_acc=1.000 | g_loss=6.8589 g_trick_acc=0.000

[Epoch 06 Step 0015] d_loss=0.0009 d_acc=1.000 | g_loss=7.1712 g_trick_acc=0.000

[Epoch 06 Step 0020] d_loss=0.0016 d_acc=1.000 | g_loss=6.5632 g_trick_acc=0.000

[Epoch 06 Step 0025] d_loss=0.0023 d_acc=1.000 | g_loss=6.2469 g_trick_acc=0.000

[Epoch 06 Step 0030] d_loss=0.0011 d_acc=1.000 | g_loss=6.9181 g_trick_acc=0.000

[Epoch 06 Step 0035] d_loss=0.2574 d_acc=0.992 | g_loss=6.1625 g_trick_acc=0.000

[Epoch 06 Step 0040] d_loss=0.0009 d_acc=1.000 | g_loss=7.1490 g_trick_acc=0.000

[Epoch 06 Step 0045] d_loss=0.0008 d_acc=1.000 | g_loss=7.2497 g_trick_acc=0.000

[Epoch 06 Step 0050] d_loss=0.0104 d_acc=1.000 | g_loss=4.7168 g_trick_acc=0.000

[Epoch 06 Step 0055] d_loss=0.0036 d_acc=1.000 | g_loss=5.8940 g_trick_acc=0.000

[Epoch 06 Step 0060] d_loss=0.0034 d_acc=1.000 | g_loss=5.7210 g_trick_acc=0.000

[Epoch 06 Step 0065] d_loss=0.0163 d_acc=0.992 | g_loss=6.1029 g_trick_acc=0.000

[Epoch 06 Step 0070] d_loss=0.0105 d_acc=1.000 | g_loss=5.6163 g_trick_acc=0.000

[Epoch 06 Step 0075] d_loss=0.0024 d_acc=1.000 | g_loss=6.3024 g_trick_acc=0.000

[Epoch 06 Step 0080] d_loss=0.0075 d_acc=1.000 | g_loss=6.0142 g_trick_acc=0.000

[Epoch 06 Step 0085] d_loss=0.0728 d_acc=0.992 | g_loss=5.7945 g_trick_acc=0.000

[Epoch 06 Step 0090] d_loss=0.0039 d_acc=1.000 | g_loss=6.3532 g_trick_acc=0.000

[Epoch 06 Step 0095] d_loss=0.0043 d_acc=1.000 | g_loss=6.7301 g_trick_acc=0.000

[Epoch 06 Step 0100] d_loss=0.0010 d_acc=1.000 | g_loss=6.9999 g_trick_acc=0.000

[Epoch 06 Step 0105] d_loss=0.0008 d_acc=1.000 | g_loss=7.2865 g_trick_acc=0.000

[Epoch 06 Step 0110] d_loss=0.0025 d_acc=1.000 | g_loss=7.4640 g_trick_acc=0.000

[Epoch 06 Step 0115] d_loss=0.0008 d_acc=1.000 | g_loss=7.2487 g_trick_acc=0.000

[Epoch 06 Step 0120] d_loss=0.0024 d_acc=1.000 | g_loss=5.9140 g_trick_acc=0.000

[Epoch 06 Step 0125] d_loss=0.0244 d_acc=0.992 | g_loss=6.6544 g_trick_acc=0.000

[Epoch 06 Step 0130] d_loss=0.0021 d_acc=1.000 | g_loss=6.4280 g_trick_acc=0.000

[Epoch 06 Step 0135] d_loss=0.0009 d_acc=1.000 | g_loss=7.2094 g_trick_acc=0.000

[Epoch 06 Step 0140] d_loss=0.0009 d_acc=1.000 | g_loss=6.9423 g_trick_acc=0.000

[Epoch 06 Step 0145] d_loss=0.0011 d_acc=1.000 | g_loss=7.0533 g_trick_acc=0.000

[Epoch 06 Step 0150] d_loss=0.0013 d_acc=1.000 | g_loss=6.5161 g_trick_acc=0.000

[Epoch 06 Step 0155] d_loss=0.0014 d_acc=1.000 | g_loss=6.9925 g_trick_acc=0.000

[Epoch 06 Step 0160] d_loss=0.0361 d_acc=0.992 | g_loss=6.4096 g_trick_acc=0.000

[Epoch 06 Step 0165] d_loss=0.0016 d_acc=1.000 | g_loss=6.7341 g_trick_acc=0.000

[Epoch 06 Step 0170] d_loss=0.0107 d_acc=1.000 | g_loss=6.9891 g_trick_acc=0.000

[Epoch 06 Step 0175] d_loss=0.0316 d_acc=0.992 | g_loss=7.8447 g_trick_acc=0.000

[Epoch 06 Step 0180] d_loss=0.0082 d_acc=1.000 | g_loss=5.1936 g_trick_acc=0.000

[Epoch 06 Step 0185] d_loss=0.0295 d_acc=0.992 | g_loss=4.7135 g_trick_acc=0.000

[Epoch 06 Step 0190] d_loss=0.0555 d_acc=0.984 | g_loss=5.1786 g_trick_acc=0.000

[Epoch 06 Step 0195] d_loss=0.0060 d_acc=1.000 | g_loss=5.1761 g_trick_acc=0.000

[Epoch 06 Step 0200] d_loss=0.0025 d_acc=1.000 | g_loss=6.2553 g_trick_acc=0.000

[Epoch 06 Step 0205] d_loss=0.0098 d_acc=1.000 | g_loss=5.3318 g_trick_acc=0.000

[Epoch 06 Step 0210] d_loss=0.0045 d_acc=1.000 | g_loss=6.1956 g_trick_acc=0.000

[Epoch 06 Step 0215] d_loss=0.0019 d_acc=1.000 | g_loss=6.3816 g_trick_acc=0.000

[Epoch 06 Step 0220] d_loss=0.0035 d_acc=1.000 | g_loss=5.7902 g_trick_acc=0.000

[Epoch 06 Step 0225] d_loss=0.0017 d_acc=1.000 | g_loss=6.5687 g_trick_acc=0.000

[Epoch 06 Step 0230] d_loss=0.0068 d_acc=1.000 | g_loss=5.4726 g_trick_acc=0.000

[Epoch 06 Step 0235] d_loss=0.0016 d_acc=1.000 | g_loss=6.5802 g_trick_acc=0.000

[Epoch 06 Step 0240] d_loss=0.0014 d_acc=1.000 | g_loss=7.0684 g_trick_acc=0.000

[Epoch 06 Step 0245] d_loss=0.0086 d_acc=1.000 | g_loss=6.3693 g_trick_acc=0.000

[Epoch 06 Step 0250] d_loss=0.0173 d_acc=0.992 | g_loss=4.9182 g_trick_acc=0.000

[Epoch 06 Step 0255] d_loss=0.0155 d_acc=0.992 | g_loss=6.0420 g_trick_acc=0.000

[Epoch 06 Step 0260] d_loss=0.0043 d_acc=1.000 | g_loss=5.7750 g_trick_acc=0.000

[Epoch 06 Step 0265] d_loss=0.0013 d_acc=1.000 | g_loss=6.8214 g_trick_acc=0.000

[Epoch 06 Step 0270] d_loss=0.0021 d_acc=1.000 | g_loss=6.3081 g_trick_acc=0.000

[Epoch 06 Step 0275] d_loss=0.0032 d_acc=1.000 | g_loss=6.2208 g_trick_acc=0.000

[Epoch 06 Step 0280] d_loss=0.0024 d_acc=1.000 | g_loss=6.1462 g_trick_acc=0.000

[Epoch 06 Step 0285] d_loss=0.0060 d_acc=1.000 | g_loss=6.0069 g_trick_acc=0.000

[Epoch 06 Step 0290] d_loss=0.0030 d_acc=1.000 | g_loss=5.8384 g_trick_acc=0.000

[Epoch 06 Step 0295] d_loss=8.9040 d_acc=0.570 | g_loss=8.3832 g_trick_acc=0.000

[Epoch 06 Step 0300] d_loss=0.2815 d_acc=0.969 | g_loss=3.6862 g_trick_acc=0.000

[Epoch 06 Step 0305] d_loss=0.2579 d_acc=0.953 | g_loss=2.5992 g_trick_acc=0.000

[Epoch 06 Step 0310] d_loss=0.2306 d_acc=0.961 | g_loss=3.0350 g_trick_acc=0.000

[Epoch 06 Step 0315] d_loss=0.0610 d_acc=1.000 | g_loss=3.6348 g_trick_acc=0.000

[Epoch 06 Step 0320] d_loss=0.0342 d_acc=1.000 | g_loss=3.9555 g_trick_acc=0.000

[Epoch 06 Step 0325] d_loss=0.1030 d_acc=0.984 | g_loss=3.5411 g_trick_acc=0.000

[Epoch 06 Step 0330] d_loss=0.0365 d_acc=0.992 | g_loss=4.0438 g_trick_acc=0.000

[Epoch 06 Step 0335] d_loss=0.0648 d_acc=0.992 | g_loss=4.1026 g_trick_acc=0.000

[Epoch 06 Step 0340] d_loss=0.0439 d_acc=0.992 | g_loss=4.3074 g_trick_acc=0.000

[Epoch 06 Step 0345] d_loss=0.0500 d_acc=0.992 | g_loss=3.7262 g_trick_acc=0.000

[Epoch 06 Step 0350] d_loss=0.0980 d_acc=0.984 | g_loss=3.7386 g_trick_acc=0.000

[Epoch 06 Step 0355] d_loss=0.0358 d_acc=0.992 | g_loss=4.2281 g_trick_acc=0.000

[Epoch 06 Step 0360] d_loss=0.0326 d_acc=1.000 | g_loss=4.4694 g_trick_acc=0.000

[Epoch 06 Step 0365] d_loss=0.2003 d_acc=0.969 | g_loss=4.6619 g_trick_acc=0.000

[Epoch 06 Step 0370] d_loss=0.2030 d_acc=0.961 | g_loss=4.2487 g_trick_acc=0.000

[Epoch 06 Step 0375] d_loss=0.2116 d_acc=0.945 | g_loss=3.5545 g_trick_acc=0.000

[Epoch 06 Step 0380] d_loss=0.0314 d_acc=1.000 | g_loss=4.0929 g_trick_acc=0.000

[Epoch 06 Step 0384] d_loss=0.0733 d_acc=1.000 | g_loss=4.9485 g_trick_acc=0.000
[Eval 06] d_loss=0.1121 d_acc=0.977 | g_loss=5.0387 g_trick_acc=0.000
